[2025-12-17 05:39:53] To: 010-1234-5678 | Msg: [홈데코샵] 주문이 완료되었습니다.
주문번호: 2
상품명: 2025 크리스마스 오르골 스노우볼 무드등 소품 선물 눈내리는 마을 랜턴
결제금액: 32,800원
감사합니다.
[2025-12-17 06:46:24] To: 010-1234-5678 | Msg: 안녕하세요 고객님!

고객님의 주문이 정상적으로 완료되었습니다.
주문하신 상품은 꼼꼼히 챙겨서 빠르게 보내드릴게요! 😊

[주문 정보]
● 주문번호 : 3
● 상품명 : 2025 크리스마스 오르골 스노우볼 무드등 소품 선물 눈내리는 마을 랜턴
● 결제금액 : 32,800원

상품이 발송되면 배송 시작 알림을 다시 보내드리겠습니다.
항상 저희 홈데코샵을 이용해주셔서 감사합니다.
[2025-12-17 07:05:12] To: 010-1234-5678 | Msg: 안녕하세요 고객님!

주문이 정상적으로 완료되었습니다.
꼼꼼히 챙겨서 빠르게 보내드릴게요! 😊

[주문 정보]
● 주문번호 : 4
● 상품명 : 2025 크리스마스 오르골 스노우볼 무드등 소품 선물 눈내리는 마을 랜턴
● 결제금액 : 32,800원

배송이 시작되면 다시 안내드리겠습니다.
감사합니다.
[2025-12-17 07:05:12] To: SYSTEM | Msg: API Response: {"errorCode":"SignatureDoesNotMatch","errorMessage":"생성한 signature를 확인하세요."}
[2025-12-17 07:16:16] To: 01094501509 | Msg: 안녕하세요 고객님!

주문이 정상적으로 완료되었습니다.
꼼꼼히 챙겨서 빠르게 보내드릴게요! 😊

[주문 정보]
● 주문번호 : 5
● 상품명 : 행운 액막이 명태 명주실 북어 개업 이사 집들이 신혼부부 선물 차량용 네추럴 중사이즈
● 결제금액 : 39,500원

배송이 시작되면 다시 안내드리겠습니다.
감사합니다.
[2025-12-17 07:16:16] To: SYSTEM | Msg: API Response: {"groupId":"G4V20251217151623Y9TSN0HF0PAYTP3","to":"01094501509","from":"01094501509","type":"LMS","statusMessage":"정상 접수(이통사로 접수 예정) ","country":"82","messageId":"M4V20251217151623MC2XIXACODLBZWC","statusCode":"2000","accountId":"25121717796821"}
[2025-12-17 07:29:01] To: 01094501509 | Msg: 안녕하세요 고객님!

주문이 정상적으로 완료되었습니다.
꼼꼼히 챙겨서 빠르게 보내드릴게요! 😊

[주문 정보]
● 주문번호 : 6
● 상품명 : 그랑핸드 사쉐 40g
● 결제금액 : 21,000원

배송이 시작되면 다시 안내드리겠습니다.
감사합니다.
[2025-12-17 07:29:01] To: SYSTEM | Msg: API Response: {"groupId":"G4V20251217152908Q4VQABMWPXKVKQJ","to":"01094501509","from":"01094501509","type":"LMS","statusMessage":"정상 접수(이통사로 접수 예정) ","country":"82","messageId":"M4V20251217152908CYSIC9UHLY3DRKW","statusCode":"2000","accountId":"25121717796821"}
[2025-12-17 07:29:15] To: 01094501509 | Msg: 안녕하세요 고객님,
주문(주문번호: 6)의 결제 취소가 정상적으로 완료되었습니다.
환불은 카드사 정책에 따라 영업일 기준 3~5일 소요될 수 있습니다.
감사합니다.
[2025-12-17 07:29:16] To: SYSTEM | Msg: API Response: {"groupId":"G4V20251217152923ZRM84WSBRVJLFIK","to":"01094501509","from":"01094501509","type":"LMS","statusMessage":"정상 접수(이통사로 접수 예정) ","country":"82","messageId":"M4V202512171529231ULMEKY1ITXXJBY","statusCode":"2000","accountId":"25121717796821"}
[2025-12-17 08:35:52] To: 01094501509 | Msg: 안녕하세요 고객님!

주문이 정상적으로 완료되었습니다.
꼼꼼히 챙겨서 빠르게 보내드릴게요! 😊

[주문 정보]
● 주문번호 : 2
● 상품명 : 1 1 북유럽 사슴 헌팅 트로피 매직후크 벽장식
● 결제금액 : 5,540원

배송이 시작되면 다시 안내드리겠습니다.
감사합니다.
[2025-12-17 08:35:53] To: SYSTEM | Msg: API Response: {"groupId":"G4V20251217163600VU1RPRP5YVA9WG3","to":"01094501509","from":"01094501509","type":"LMS","statusMessage":"정상 접수(이통사로 접수 예정) ","country":"82","messageId":"M4V20251217163600CN6BGGCQJXW55K0","statusCode":"2000","accountId":"25121717796821"}
[2025-12-17 08:36:23] To: 01094501509 | Msg: 안녕하세요 고객님,
주문(주문번호: 2)의 결제 취소가 정상적으로 완료되었습니다.
환불은 카드사 정책에 따라 영업일 기준 3~5일 소요될 수 있습니다.
감사합니다.
[2025-12-17 08:36:24] To: SYSTEM | Msg: API Response: {"groupId":"G4V20251217163631RWC9XALUBR3VGUW","to":"01094501509","from":"01094501509","type":"LMS","statusMessage":"정상 접수(이통사로 접수 예정) ","country":"82","messageId":"M4V20251217163631TOJWRLD1OCS06D7","statusCode":"2000","accountId":"25121717796821"}
[2025-12-18 07:04:54] To: 01094501509 | Msg: 안녕하세요 고객님!

주문이 정상적으로 완료되었습니다.
꼼꼼히 챙겨서 빠르게 보내드릴게요! 😊

[주문 정보]
● 주문번호 : 1
● 상품명 : 원목 협탁
● 결제금액 : 55,000원

배송이 시작되면 다시 안내드리겠습니다.
감사합니다.
[2025-12-18 07:04:55] To: SYSTEM | Msg: API Response: {"groupId":"G4V20251218150504OWVNL7LBGCEKYXO","to":"01094501509","from":"01094501509","type":"LMS","statusMessage":"정상 접수(이통사로 접수 예정) ","country":"82","messageId":"M4V20251218150504CCQWJHJZECZVU9G","statusCode":"2000","accountId":"25121717796821"}
[2025-12-18 07:09:20] To: 01094501509 | Msg: 안녕하세요 고객님,
주문(주문번호: 1)의 결제 취소가 정상적으로 완료되었습니다.
환불은 카드사 정책에 따라 영업일 기준 3~5일 소요될 수 있습니다.
감사합니다.
[2025-12-18 07:09:20] To: SYSTEM | Msg: API Response: {"errorCode":"NotEnoughBalance","errorMessage":"보유 잔액이 부족하여 발송에 실패하였습니다.\n[차감금액: 45, 보유잔액: 0, 보유포인트: 30]"}
[2025-12-18 07:30:28] To: 01094501509 | Msg: 안녕하세요 고객님!

주문이 정상적으로 완료되었습니다.
꼼꼼히 챙겨서 빠르게 보내드릴게요! 😊

[주문 정보]
● 주문번호 : 2
● 상품명 : 착하면 30g 얀메이크 인형실 코바늘실 손뜨개 마카롱 면실 모티브실 털실 블랭킷 펀치니들 뜨개실
● 결제금액 : 3,900원

배송이 시작되면 다시 안내드리겠습니다.
감사합니다.
[2025-12-18 07:30:29] To: SYSTEM | Msg: API Response: {"errorCode":"NotEnoughBalance","errorMessage":"보유 잔액이 부족하여 발송에 실패하였습니다.\n[차감금액: 45, 보유잔액: 0, 보유포인트: 30]"}
[2025-12-18 07:34:14] To: 01094501509 | Msg: 안녕하세요 고객님,
주문(주문번호: 2)의 결제 취소가 정상적으로 완료되었습니다.
환불은 카드사 정책에 따라 영업일 기준 3~5일 소요될 수 있습니다.
감사합니다.
[2025-12-18 07:34:14] To: SYSTEM | Msg: API Response: {"errorCode":"NotEnoughBalance","errorMessage":"보유 잔액이 부족하여 발송에 실패하였습니다.\n[차감금액: 45, 보유잔액: 0, 보유포인트: 30]"}
